mode: set
github.com/anjulapaulus/kvstore/memory/iterator.go:8.34,11.2 2 1
github.com/anjulapaulus/kvstore/memory/iterator.go:13.35,15.2 1 1
github.com/anjulapaulus/kvstore/memory/iterator.go:17.38,20.2 2 1
github.com/anjulapaulus/kvstore/memory/iterator.go:22.39,24.2 1 1
github.com/anjulapaulus/kvstore/memory/iterator.go:26.38,28.2 1 1
github.com/anjulapaulus/kvstore/memory/iterator.go:30.40,32.2 1 1
github.com/anjulapaulus/kvstore/memory/iterator.go:34.28,36.2 1 1
github.com/anjulapaulus/kvstore/memory/store.go:27.43,28.32 1 1
github.com/anjulapaulus/kvstore/memory/store.go:28.32,30.3 1 1
github.com/anjulapaulus/kvstore/memory/store.go:33.33,37.2 3 1
github.com/anjulapaulus/kvstore/memory/store.go:39.66,41.30 2 1
github.com/anjulapaulus/kvstore/memory/store.go:44.2,50.23 2 1
github.com/anjulapaulus/kvstore/memory/store.go:54.2,54.10 1 1
github.com/anjulapaulus/kvstore/memory/store.go:41.30,43.3 1 1
github.com/anjulapaulus/kvstore/memory/store.go:50.23,52.3 1 1
github.com/anjulapaulus/kvstore/memory/store.go:57.37,59.2 1 1
github.com/anjulapaulus/kvstore/memory/store.go:61.57,72.2 5 1
github.com/anjulapaulus/kvstore/memory/store.go:74.65,78.8 4 1
github.com/anjulapaulus/kvstore/memory/store.go:81.2,81.17 1 1
github.com/anjulapaulus/kvstore/memory/store.go:78.8,80.3 1 1
github.com/anjulapaulus/kvstore/memory/store.go:84.53,89.2 4 1
github.com/anjulapaulus/kvstore/memory/store.go:91.60,95.8 4 1
github.com/anjulapaulus/kvstore/memory/store.go:98.2,98.20 1 1
github.com/anjulapaulus/kvstore/memory/store.go:95.8,97.3 1 1
github.com/anjulapaulus/kvstore/memory/store.go:101.56,103.23 2 1
github.com/anjulapaulus/kvstore/memory/store.go:107.2,110.8 1 1
github.com/anjulapaulus/kvstore/memory/store.go:103.23,105.3 1 0
github.com/anjulapaulus/kvstore/memory/store.go:113.39,116.30 3 1
github.com/anjulapaulus/kvstore/memory/store.go:119.2,120.13 2 1
github.com/anjulapaulus/kvstore/memory/store.go:116.30,118.3 1 1
github.com/anjulapaulus/kvstore/memory/store.go:123.33,125.28 2 1
github.com/anjulapaulus/kvstore/memory/store.go:125.28,126.74 1 0
github.com/anjulapaulus/kvstore/memory/store.go:126.74,128.4 1 0
